<?xml version="1.0" encoding="UTF-8"?>
<testng-results total="1" passed="1" failed="0" skipped="0">
  <reporter-output>
  </reporter-output>
  <suite started-at="2024-01-17T01:58:23Z" name="Surefire suite" finished-at="2024-01-17T01:58:24Z" duration-ms="454">
    <groups>
    </groups>
    <test started-at="2024-01-17T01:58:23Z" name="Surefire test" finished-at="2024-01-17T01:58:24Z" duration-ms="454">
      <class name="Conexion.ConnectionTest">
        <test-method signature="f()" started-at="2024-01-17T01:58:23Z" name="f" finished-at="2024-01-17T01:58:24Z" duration-ms="445" status="PASS">
        </test-method>
      </class>
    </test>
  </suite>
</testng-results>
